<?xml version="1.0" encoding="UTF-8"?>
<testExecutions version="1">
  <file path="/home/dhrkp/react/blinkist-clone/src/component/molecule/MenuItem/MenuItem.test.js">
    <testCase name="Snapshot menu list" duration="1129"/>
    <testCase name="Snapshot menu list with random names" duration="191"/>
  </file>
  <file path="/home/dhrkp/react/blinkist-clone/src/component/Organism/Form/Form.test.js">
    <testCase name="Enter values in form changes form state" duration="2247"/>
  </file>
  <file path="/home/dhrkp/react/blinkist-clone/src/component/Organism/NavBar/IntegratedNavBar.test.js">
    <testCase name="Clicking on search button displays the search bar" duration="1977"/>
  </file>
  <file path="/home/dhrkp/react/blinkist-clone/src/component/Organism/CardsInTabs/CardsInTabs.test.js">
    <testCase name="Switch tabs when clicked on a different tab" duration="787"/>
  </file>
  <file path="/home/dhrkp/react/blinkist-clone/src/component/molecule/CardGrid/CardGrid.test.js">
    <testCase name="Snapshot with default image and finished book" duration="976"/>
    <testCase name="Click event works" duration="813"/>
  </file>
  <file path="/home/dhrkp/react/blinkist-clone/src/component/Organism/NavBar/NavBar.test.js">
    <testCase name="Navbar should render with small logo" duration="2100"/>
    <testCase name="Navbar should render with large logo" duration="755"/>
    <testCase name="Navbar should render with login button initially" duration="860"/>
    <testCase name="Navbar should render with logout if authenticated" duration="758"/>
    <testCase name="Clicking on the image displayed the logout button" duration="1517"/>
    <testCase name="Clicking on My Library calls setFilterTerm" duration="732"/>
  </file>
  <file path="/home/dhrkp/react/blinkist-clone/src/component/page/Page.test.js">
    <testCase name="Card in tabs is rendered" duration="2423"/>
    <testCase name="setSearchTerm must be called if search term needs to be set" duration="1713"/>
    <testCase name="If search term is non empty search result is displayed" duration="769"/>
    <testCase name="If search result is empty Nothing found for xyz is displayed" duration="629"/>
    <testCase name="Filter must be set" duration="1629"/>
    <testCase name="fetchLibraryBook returns the book with available id" duration="0"/>
  </file>
  <file path="/home/dhrkp/react/blinkist-clone/src/component/Organism/NavBar/NavBarWithSearch.test.js">
    <testCase name="NavBarWithSearch should render with small logo" duration="507"/>
    <testCase name="NavBarWithSearch should render with large logo" duration="198"/>
    <testCase name="NavBarWithSearch should render with login button initially" duration="184"/>
    <testCase name="NavBarWithSearch should render with logout if authenticated" duration="338"/>
    <testCase name="Clicking on the image displayed the logout button" duration="665"/>
    <testCase name="Clicking on cross or search button, the search bar should call on click cross" duration="242"/>
    <testCase name="Clicking on cross or search button, the search bar should call on click cross" duration="175"/>
  </file>
  <file path="/home/dhrkp/react/blinkist-clone/src/component/atom/InputFields/FormSelectField.test.js">
    <testCase name="Label should be equal to the passed value" duration="245"/>
    <testCase name="Select should display the value picked from dropdown menu" duration="121"/>
  </file>
  <file path="/home/dhrkp/react/blinkist-clone/src/component/molecule/Button/Button.test.js">
    <testCase name="Button name should equal the children prop" duration="120"/>
    <testCase name="Button must have attribute end icon if endIcon needed prop is passed" duration="167"/>
    <testCase name="Button must have big logo if big is passed in props" duration="58"/>
    <testCase name="Button must have small logo if small is passed in props" duration="60"/>
    <testCase name="Snapshot for big logo" duration="102"/>
    <testCase name="Snapshot for small logo" duration="88"/>
    <testCase name="Snapshot for down arrow" duration="97"/>
    <testCase name="Snapshot for up arrow" duration="83"/>
    <testCase name="Normal button" duration="62"/>
  </file>
  <file path="/home/dhrkp/react/blinkist-clone/src/component/atom/Tabs/Tabs.test.js">
    <testCase name="Should print text passed as child prop" duration="200"/>
    <testCase name="If value is 0 the first tab should be active" duration="501"/>
    <testCase name="If value is 1 the second tab should be active" duration="366"/>
  </file>
  <file path="/home/dhrkp/react/blinkist-clone/src/component/atom/InputFields/FormInputFields.test.js">
    <testCase name="Label should be equal to the passed value" duration="121"/>
    <testCase name="Placeholder should be equal to the passed value" duration="93"/>
  </file>
  <file path="/home/dhrkp/react/blinkist-clone/src/component/atom/InputFields/SearchInputField.test.js">
    <testCase name="Placeholder should be equal to the passed value" duration="203"/>
  </file>
  <file path="/home/dhrkp/react/blinkist-clone/src/component/atom/TabPanel/TabPanel.test.js">
    <testCase name="Should print text passed as child prop" duration="55"/>
    <testCase name="Should not print text passed as child prop if value and index are not same" duration="12"/>
  </file>
  <file path="/home/dhrkp/react/blinkist-clone/src/component/molecule/List/List.test.js">
    <testCase name="Snapshot horizontal list" duration="217"/>
    <testCase name="Snapshot vertical list" duration="106"/>
  </file>
  <file path="/home/dhrkp/react/blinkist-clone/src/component/Organism/FormDialogueBox/FormDialogueBox.test.js">
    <testCase name="Add book button is rendered initially" duration="823"/>
    <testCase name="Dialog box opens if add book button is clicked" duration="1667"/>
    <testCase name="Change value in the text field is reflected on screen" duration="2247"/>
    <testCase name="Pressing the close button closes the dialog box" duration="2297"/>
    <testCase name="If add book clicked on an empty form, an alert is thrown" duration="2719"/>
    <testCase name="If add book clicked after adding all fields then book is added to library" duration="2635"/>
  </file>
  <file path="/home/dhrkp/react/blinkist-clone/src/component/molecule/Card/Card.test.js">
    <testCase name="Default card in library" duration="156"/>
    <testCase name="Default card not in library" duration="101"/>
    <testCase name="Default card in library finished reading" duration="91"/>
    <testCase name="Snapshot with default image and finished book" duration="122"/>
    <testCase name="Snapshot with passed image and unfinished book" duration="107"/>
    <testCase name="Fire event button click changes status from Mark as finished to read again" duration="99"/>
    <testCase name="Fire event button click changes status from Add to library to Mark as finished" duration="74"/>
    <testCase name="Fire event button click changes status from Read Again to Mark as Finished" duration="62"/>
  </file>
  <file path="/home/dhrkp/react/blinkist-clone/src/component/Organism/DropDownMenu/DropDown.test.js">
    <testCase name="Dropdown menu appears if clicked on the button and disappears when clicked on button again" duration="1845"/>
    <testCase name="Click on menu will fire an event and close the dropdown" duration="231"/>
  </file>
</testExecutions>